<!DOCTYPE html PUBLIC "-//W3C//DTD XHTML 1.1//EN" "https://www.w3.org/TR/xhtml11/DTD/xhtml11.dtd">
<html xmlns="https://www.w3.org/1999/xhtml">
<head>
<meta http-equiv="content-type" content="text/html; charset=UTF-8"/>
<title>TestNG Report</title>
<style type="text/css">table {margin-bottom:10px;border-collapse:collapse;empty-cells:show}th,td {border:1px solid #009;padding:.25em .5em}th {vertical-align:bottom}td {vertical-align:top}table a {font-weight:bold}.stripe td {background-color: #E6EBF9}.num {text-align:right}.passedodd td {background-color: #3F3}.passedeven td {background-color: #0A0}.skippedodd td {background-color: #DDD}.skippedeven td {background-color: #CCC}.failedodd td,.attn {background-color: #F33}.failedeven td,.stripe .attn {background-color: #D00}.stacktrace {white-space:pre;font-family:monospace}.totop {font-size:85%;text-align:center;border-bottom:2px solid #000}.invisible {display:none}</style>
</head>
<body>
<table>
<tr><th>Test</th><th># Passed</th><th># Skipped</th><th># Retried</th><th># Failed</th><th>Time (ms)</th><th>Included Groups</th><th>Excluded Groups</th></tr>
<tr><th colspan="8">OrangeHRM Automation Suite</th></tr>
<tr><td><a href="#t0">Login Test</a></td><td class="num">1</td><td class="num">0</td><td class="num">0</td><td class="num attn">1</td><td class="num">39,632</td><td></td><td></td></tr>
<tr class="stripe"><td><a href="#t1">PIM Tests</a></td><td class="num">9</td><td class="num">0</td><td class="num">0</td><td class="num attn">3</td><td class="num">207,431</td><td></td><td></td></tr>
<tr><td><a href="#t2">Leave Module Tests</a></td><td class="num">3</td><td class="num">0</td><td class="num">0</td><td class="num attn">4</td><td class="num">104,983</td><td></td><td></td></tr>
<tr><th>Total</th><th class="num">13</th><th class="num">0</th><th class="num">0</th><th class="num attn">8</th><th class="num">352,046</th><th colspan="2"></th></tr>
</table>
<table id='summary'><thead><tr><th>Class</th><th>Method</th><th>Start</th><th>Time (ms)</th></tr></thead><tbody><tr><th colspan="4">OrangeHRM Automation Suite</th></tr></tbody><tbody id="t0"><tr><th colspan="4">Login Test &#8212; failed</th></tr><tr class="failedeven"><td rowspan="1">com.orangehrm.LoginTest</td><td><a href="#m0">loginDataDrivenTest</a></td><td rowspan="1">1758098103623</td><td rowspan="1">31972</td></tr><tr><th colspan="4">Login Test &#8212; passed</th></tr><tr class="passedeven"><td rowspan="1">com.orangehrm.LoginTest</td><td><a href="#m1">loginDataDrivenTest</a></td><td rowspan="1">1758098135599</td><td rowspan="1">4606</td></tr></tbody>
<tbody id="t1"><tr><th colspan="4">PIM Tests &#8212; failed</th></tr><tr class="failedeven"><td rowspan="3">com.orangehrm.PIMTest</td><td><a href="#m2">employeeListSearchTest</a></td><td rowspan="1">1758098331793</td><td rowspan="1">15771</td></tr><tr class="failedeven"><td><a href="#m3">fillPersonalDetailsTest</a></td><td rowspan="1">1758098171178</td><td rowspan="1">12235</td></tr><tr class="failedeven"><td><a href="#m4">qualificationsTest</a></td><td rowspan="1">1758098295533</td><td rowspan="1">34032</td></tr><tr><th colspan="4">PIM Tests &#8212; passed</th></tr><tr class="passedeven"><td rowspan="9">com.orangehrm.PIMTest</td><td><a href="#m5">addEmployeeTest</a></td><td rowspan="1">1758098150815</td><td rowspan="1">20361</td></tr><tr class="passedeven"><td><a href="#m6">contactDetailsTest</a></td><td rowspan="1">1758098183415</td><td rowspan="1">28401</td></tr><tr class="passedeven"><td><a href="#m7">dependentsTest</a></td><td rowspan="1">1758098226516</td><td rowspan="1">10564</td></tr><tr class="passedeven"><td><a href="#m8">emergencyContactsTest</a></td><td rowspan="1">1758098211817</td><td rowspan="1">14697</td></tr><tr class="passedeven"><td><a href="#m9">immigrationRecordsTest</a></td><td rowspan="1">1758098237083</td><td rowspan="1">10694</td></tr><tr class="passedeven"><td><a href="#m10">jobDetailsTest</a></td><td rowspan="1">1758098247778</td><td rowspan="1">11910</td></tr><tr class="passedeven"><td><a href="#m11">membershipsTest</a></td><td rowspan="1">1758098329567</td><td rowspan="1">2224</td></tr><tr class="passedeven"><td><a href="#m12">salaryComponentsTest</a></td><td rowspan="1">1758098259690</td><td rowspan="1">24630</td></tr><tr class="passedeven"><td><a href="#m13">supervisorsTest</a></td><td rowspan="1">1758098284321</td><td rowspan="1">11211</td></tr></tbody>
<tbody id="t2"><tr><th colspan="4">Leave Module Tests &#8212; failed</th></tr><tr class="failedeven"><td rowspan="4">com.orangehrm.LeavePage</td><td><a href="#m14">addIndividualEntitlement</a></td><td rowspan="1">1758098385080</td><td rowspan="1">20705</td></tr><tr class="failedeven"><td><a href="#m15">addMultipleEntitlement</a></td><td rowspan="1">1758098405787</td><td rowspan="1">21792</td></tr><tr class="failedeven"><td><a href="#m16">searchLeaveEntitlements</a></td><td rowspan="1">1758098427580</td><td rowspan="1">21791</td></tr><tr class="failedeven"><td><a href="#m17">validateMyLeavePage</a></td><td rowspan="1">1758098362817</td><td rowspan="1">22261</td></tr><tr><th colspan="4">Leave Module Tests &#8212; passed</th></tr><tr class="passedeven"><td rowspan="3">com.orangehrm.LeavePage</td><td><a href="#m18">logoutTest</a></td><td rowspan="1">1758098449373</td><td rowspan="1">3172</td></tr><tr class="passedeven"><td><a href="#m19">openLeavePage</a></td><td rowspan="1">1758098355593</td><td rowspan="1">4542</td></tr><tr class="passedeven"><td><a href="#m20">validateApplyLeavePage</a></td><td rowspan="1">1758098360136</td><td rowspan="1">2680</td></tr></tbody>
</table>
<h2>Login Test</h2><h3 id="m0">com.orangehrm.LoginTest#loginDataDrivenTest</h3><table class="result"><tr class="param"><th>Parameter #1</th><th>Parameter #2</th></tr><tr class="param stripe"><td>Adm</td><td>admin123</td></tr><tr><th colspan="2">Exception</th></tr><tr><td colspan="2"><div class="stacktrace">java.lang.AssertionError: Exception during login for: Adm
	at com.orangehrm.LoginTest.loginDataDrivenTest(LoginTest.java:108)
	at java.base/java.util.ArrayList.forEach(ArrayList.java:1596)
... Removed 26 stack frames</div></td></tr></table><p class="totop"><a href="#summary">back to summary</a></p>
<h3 id="m1">com.orangehrm.LoginTest#loginDataDrivenTest</h3><table class="result"><tr class="param"><th>Parameter #1</th><th>Parameter #2</th></tr><tr class="param stripe"><td>Admin</td><td>admin123</td></tr></table><p class="totop"><a href="#summary">back to summary</a></p>
<h2>PIM Tests</h2><h3 id="m2">com.orangehrm.PIMTest#employeeListSearchTest</h3><table class="result"><tr><th>Exception</th></tr><tr><td><div class="stacktrace">java.lang.AssertionError: Employee &apos;Divya Sri Surya&apos; not found in Employee List
	at com.orangehrm.PIMTest.employeeListSearchTest(PIMTest.java:850)
	at java.base/java.util.ArrayList.forEach(ArrayList.java:1596)
... Removed 26 stack frames</div></td></tr></table><p class="totop"><a href="#summary">back to summary</a></p>
<h3 id="m3">com.orangehrm.PIMTest#fillPersonalDetailsTest</h3><table class="result"><tr><th>Exception</th></tr><tr><td><div class="stacktrace">java.lang.AssertionError: Personal Details test failed
	at com.orangehrm.PIMTest.fillPersonalDetailsTest(PIMTest.java:154)
	at java.base/java.util.ArrayList.forEach(ArrayList.java:1596)
... Removed 26 stack frames</div></td></tr></table><p class="totop"><a href="#summary">back to summary</a></p>
<h3 id="m4">com.orangehrm.PIMTest#qualificationsTest</h3><table class="result"><tr><th>Exception</th></tr><tr><td><div class="stacktrace">java.lang.AssertionError: Qualifications test failed
	at com.orangehrm.PIMTest.qualificationsTest(PIMTest.java:723)
	at java.base/java.util.ArrayList.forEach(ArrayList.java:1596)
... Removed 26 stack frames</div></td></tr></table><p class="totop"><a href="#summary">back to summary</a></p>
<h3 id="m5">com.orangehrm.PIMTest#addEmployeeTest</h3><table class="result"><tr><th class="invisible"/></tr></table><p class="totop"><a href="#summary">back to summary</a></p>
<h3 id="m6">com.orangehrm.PIMTest#contactDetailsTest</h3><table class="result"><tr><th class="invisible"/></tr></table><p class="totop"><a href="#summary">back to summary</a></p>
<h3 id="m7">com.orangehrm.PIMTest#dependentsTest</h3><table class="result"><tr><th class="invisible"/></tr></table><p class="totop"><a href="#summary">back to summary</a></p>
<h3 id="m8">com.orangehrm.PIMTest#emergencyContactsTest</h3><table class="result"><tr><th class="invisible"/></tr></table><p class="totop"><a href="#summary">back to summary</a></p>
<h3 id="m9">com.orangehrm.PIMTest#immigrationRecordsTest</h3><table class="result"><tr><th class="invisible"/></tr></table><p class="totop"><a href="#summary">back to summary</a></p>
<h3 id="m10">com.orangehrm.PIMTest#jobDetailsTest</h3><table class="result"><tr><th class="invisible"/></tr></table><p class="totop"><a href="#summary">back to summary</a></p>
<h3 id="m11">com.orangehrm.PIMTest#membershipsTest</h3><table class="result"><tr><th class="invisible"/></tr></table><p class="totop"><a href="#summary">back to summary</a></p>
<h3 id="m12">com.orangehrm.PIMTest#salaryComponentsTest</h3><table class="result"><tr><th class="invisible"/></tr></table><p class="totop"><a href="#summary">back to summary</a></p>
<h3 id="m13">com.orangehrm.PIMTest#supervisorsTest</h3><table class="result"><tr><th class="invisible"/></tr></table><p class="totop"><a href="#summary">back to summary</a></p>
<h2>Leave Module Tests</h2><h3 id="m14">com.orangehrm.LeavePage#addIndividualEntitlement</h3><table class="result"><tr><th>Exception</th></tr><tr><td><div class="stacktrace">java.lang.AssertionError: Test failed: Expected condition failed: waiting for element to be clickable: By.xpath: //li[.//span[contains(text(),&apos;Entitlements&apos;)]]//ul//a[contains(text(),&apos;Add Entitlement&apos;)] (tried for 15 second(s) with 500 milliseconds interval)
Build info: version: &apos;4.21.0&apos;, revision: &apos;79ed462ef4&apos;
System info: os.name: &apos;Windows 11&apos;, os.arch: &apos;amd64&apos;, os.version: &apos;10.0&apos;, java.version: &apos;21.0.2&apos;
Driver info: org.openqa.selenium.chrome.ChromeDriver
Capabilities {acceptInsecureCerts: false, browserName: chrome, browserVersion: 140.0.7339.128, chrome: {chromedriverVersion: 140.0.7339.82 (bc93617e21c3..., userDataDir: C:\Users\91967\AppData\Loca...}, fedcm:accounts: true, goog:chromeOptions: {debuggerAddress: localhost:58453}, networkConnectionEnabled: false, pageLoadStrategy: normal, platformName: windows, proxy: Proxy(), se:cdp: ws://localhost:58453/devtoo..., se:cdpVersion: 140.0.7339.128, setWindowRect: true, strictFileInteractability: false, timeouts: {implicit: 0, pageLoad: 300000, script: 30000}, unhandledPromptBehavior: dismiss and notify, webauthn:extension:credBlob: true, webauthn:extension:largeBlob: true, webauthn:extension:minPinLength: true, webauthn:extension:prf: true, webauthn:virtualAuthenticators: true}
Session ID: 63ef572e620900f008886074f83c45ed
	at com.orangehrm.LeavePage.addIndividualEntitlement(LeavePage.java:172)
	at java.base/java.util.ArrayList.forEach(ArrayList.java:1596)
... Removed 26 stack frames</div></td></tr></table><p class="totop"><a href="#summary">back to summary</a></p>
<h3 id="m15">com.orangehrm.LeavePage#addMultipleEntitlement</h3><table class="result"><tr><th>Exception</th></tr><tr><td><div class="stacktrace">java.lang.AssertionError: Multiple Entitlement Test Failed: Expected condition failed: waiting for element to be clickable: By.xpath: //li[.//span[contains(text(),&apos;Entitlements&apos;)]]//ul//a[contains(text(),&apos;Add Entitlement&apos;)] (tried for 15 second(s) with 500 milliseconds interval)
Build info: version: &apos;4.21.0&apos;, revision: &apos;79ed462ef4&apos;
System info: os.name: &apos;Windows 11&apos;, os.arch: &apos;amd64&apos;, os.version: &apos;10.0&apos;, java.version: &apos;21.0.2&apos;
Driver info: org.openqa.selenium.chrome.ChromeDriver
Capabilities {acceptInsecureCerts: false, browserName: chrome, browserVersion: 140.0.7339.128, chrome: {chromedriverVersion: 140.0.7339.82 (bc93617e21c3..., userDataDir: C:\Users\91967\AppData\Loca...}, fedcm:accounts: true, goog:chromeOptions: {debuggerAddress: localhost:58453}, networkConnectionEnabled: false, pageLoadStrategy: normal, platformName: windows, proxy: Proxy(), se:cdp: ws://localhost:58453/devtoo..., se:cdpVersion: 140.0.7339.128, setWindowRect: true, strictFileInteractability: false, timeouts: {implicit: 0, pageLoad: 300000, script: 30000}, unhandledPromptBehavior: dismiss and notify, webauthn:extension:credBlob: true, webauthn:extension:largeBlob: true, webauthn:extension:minPinLength: true, webauthn:extension:prf: true, webauthn:virtualAuthenticators: true}
Session ID: 63ef572e620900f008886074f83c45ed
	at com.orangehrm.LeavePage.addMultipleEntitlement(LeavePage.java:228)
	at java.base/java.util.ArrayList.forEach(ArrayList.java:1596)
... Removed 26 stack frames</div></td></tr></table><p class="totop"><a href="#summary">back to summary</a></p>
<h3 id="m16">com.orangehrm.LeavePage#searchLeaveEntitlements</h3><table class="result"><tr><th>Exception</th></tr><tr><td><div class="stacktrace">java.lang.AssertionError: Leave Entitlement Search Test Failed: Expected condition failed: waiting for element to be clickable: By.xpath: //li[.//span[contains(text(),&apos;Entitlements&apos;)]]//a[contains(text(),&apos;Leave Entitlements&apos;)] (tried for 15 second(s) with 500 milliseconds interval)
Build info: version: &apos;4.21.0&apos;, revision: &apos;79ed462ef4&apos;
System info: os.name: &apos;Windows 11&apos;, os.arch: &apos;amd64&apos;, os.version: &apos;10.0&apos;, java.version: &apos;21.0.2&apos;
Driver info: org.openqa.selenium.chrome.ChromeDriver
Capabilities {acceptInsecureCerts: false, browserName: chrome, browserVersion: 140.0.7339.128, chrome: {chromedriverVersion: 140.0.7339.82 (bc93617e21c3..., userDataDir: C:\Users\91967\AppData\Loca...}, fedcm:accounts: true, goog:chromeOptions: {debuggerAddress: localhost:58453}, networkConnectionEnabled: false, pageLoadStrategy: normal, platformName: windows, proxy: Proxy(), se:cdp: ws://localhost:58453/devtoo..., se:cdpVersion: 140.0.7339.128, setWindowRect: true, strictFileInteractability: false, timeouts: {implicit: 0, pageLoad: 300000, script: 30000}, unhandledPromptBehavior: dismiss and notify, webauthn:extension:credBlob: true, webauthn:extension:largeBlob: true, webauthn:extension:minPinLength: true, webauthn:extension:prf: true, webauthn:virtualAuthenticators: true}
Session ID: 63ef572e620900f008886074f83c45ed
	at com.orangehrm.LeavePage.searchLeaveEntitlements(LeavePage.java:268)
	at java.base/java.util.ArrayList.forEach(ArrayList.java:1596)
... Removed 26 stack frames</div></td></tr></table><p class="totop"><a href="#summary">back to summary</a></p>
<h3 id="m17">com.orangehrm.LeavePage#validateMyLeavePage</h3><table class="result"><tr><th>Exception</th></tr><tr><td><div class="stacktrace">java.lang.AssertionError: My Leave Page Test Failed: Expected condition failed: waiting for visibility of element located by By.xpath: //h5[normalize-space()=&apos;My Leave&apos;] (tried for 15 second(s) with 500 milliseconds interval)
Build info: version: &apos;4.21.0&apos;, revision: &apos;79ed462ef4&apos;
System info: os.name: &apos;Windows 11&apos;, os.arch: &apos;amd64&apos;, os.version: &apos;10.0&apos;, java.version: &apos;21.0.2&apos;
Driver info: org.openqa.selenium.chrome.ChromeDriver
Capabilities {acceptInsecureCerts: false, browserName: chrome, browserVersion: 140.0.7339.128, chrome: {chromedriverVersion: 140.0.7339.82 (bc93617e21c3..., userDataDir: C:\Users\91967\AppData\Loca...}, fedcm:accounts: true, goog:chromeOptions: {debuggerAddress: localhost:58453}, networkConnectionEnabled: false, pageLoadStrategy: normal, platformName: windows, proxy: Proxy(), se:cdp: ws://localhost:58453/devtoo..., se:cdpVersion: 140.0.7339.128, setWindowRect: true, strictFileInteractability: false, timeouts: {implicit: 0, pageLoad: 300000, script: 30000}, unhandledPromptBehavior: dismiss and notify, webauthn:extension:credBlob: true, webauthn:extension:largeBlob: true, webauthn:extension:minPinLength: true, webauthn:extension:prf: true, webauthn:virtualAuthenticators: true}
Session ID: 63ef572e620900f008886074f83c45ed
	at com.orangehrm.LeavePage.validateMyLeavePage(LeavePage.java:108)
	at java.base/java.util.ArrayList.forEach(ArrayList.java:1596)
... Removed 26 stack frames</div></td></tr></table><p class="totop"><a href="#summary">back to summary</a></p>
<h3 id="m18">com.orangehrm.LeavePage#logoutTest</h3><table class="result"><tr><th class="invisible"/></tr></table><p class="totop"><a href="#summary">back to summary</a></p>
<h3 id="m19">com.orangehrm.LeavePage#openLeavePage</h3><table class="result"><tr><th class="invisible"/></tr></table><p class="totop"><a href="#summary">back to summary</a></p>
<h3 id="m20">com.orangehrm.LeavePage#validateApplyLeavePage</h3><table class="result"><tr><th class="invisible"/></tr></table><p class="totop"><a href="#summary">back to summary</a></p>
</body>
</html>
